<?xml version="1.0" encoding="UTF-8"?>
<testsuite xmlns:xsi="http://www.w3.org/2001/XMLSchema-instance" xsi:noNamespaceSchemaLocation="https://maven.apache.org/surefire/maven-surefire-plugin/xsd/surefire-test-report.xsd" name="pro.abacus.javatutor.service.JavaQuestionsServiceImplTest" time="0.178" tests="2" errors="0" skipped="0" failures="0">
  <properties>
[...]
</properties>
  <testcase name="shouldSaveAllQuestions" classname="pro.abacus.javatutor.service.JavaQuestionsServiceImplTest" time="0.002"/>
  <testcase name="shouldFindAllQuestions" classname="pro.abacus.javatutor.service.JavaQuestionsServiceImplTest" time="0"/>
</testsuite>